[debug] [2023-01-28T20:06:19.520Z] ----------------------------------------------------------------------
[debug] [2023-01-28T20:06:19.525Z] Command:       /usr/local/bin/node /Users/Danztee/.npm-global/bin/firebase init
[debug] [2023-01-28T20:06:19.526Z] CLI Version:   11.21.0
[debug] [2023-01-28T20:06:19.527Z] Platform:      darwin
[debug] [2023-01-28T20:06:19.528Z] Node Version:  v18.13.0
[debug] [2023-01-28T20:06:19.529Z] Time:          Sat Jan 28 2023 21:06:19 GMT+0100 (West Africa Standard Time)
[debug] [2023-01-28T20:06:19.530Z] ----------------------------------------------------------------------
[debug] 
[debug] [2023-01-28T20:06:19.548Z] >>> [apiv2][query] GET https://firebase-public.firebaseio.com/cli.json [none]
[debug] [2023-01-28T20:06:19.650Z] > command requires scopes: ["email","openid","https://www.googleapis.com/auth/cloudplatformprojects.readonly","https://www.googleapis.com/auth/firebase","https://www.googleapis.com/auth/cloud-platform"]
[debug] [2023-01-28T20:06:19.650Z] > authorizing via signed-in user (olowoniyidaniel@gmail.com)
[info] 
     ######## #### ########  ######## ########     ###     ######  ########
     ##        ##  ##     ## ##       ##     ##  ##   ##  ##       ##
     ######    ##  ########  ######   ########  #########  ######  ######
     ##        ##  ##    ##  ##       ##     ## ##     ##       ## ##
     ##       #### ##     ## ######## ########  ##     ##  ######  ########

You're about to initialize a Firebase project in this directory:

  /Users/Danztee/Desktop/reddit-build

[debug] [2023-01-28T20:06:20.828Z] <<< [apiv2][status] GET https://firebase-public.firebaseio.com/cli.json 200
[debug] [2023-01-28T20:06:20.829Z] <<< [apiv2][body] GET https://firebase-public.firebaseio.com/cli.json {"cloudBuildErrorAfter":1594252800000,"cloudBuildWarnAfter":1590019200000,"defaultNode10After":1594252800000,"minVersion":"3.0.5","node8DeploysDisabledAfter":1613390400000,"node8RuntimeDisabledAfter":1615809600000,"node8WarnAfter":1600128000000}
